This file contains any messages produced by compilers while
running configure, to aid debugging if configure makes a mistake.

It was created by gpa configure 0.10.0, which was
generated by GNU Autoconf 2.69.  Invocation command line was

  $ ./configure 

## --------- ##
## Platform. ##
## --------- ##

hostname = loneather-Inspiron-5559
uname -m = x86_64
uname -r = 4.15.0-47-generic
uname -s = Linux
uname -v = #50-Ubuntu SMP Wed Mar 13 10:44:52 UTC 2019

/usr/bin/uname -p = unknown
/bin/uname -X     = unknown

/bin/arch              = unknown
/usr/bin/arch -k       = unknown
/usr/convex/getsysinfo = unknown
/usr/bin/hostinfo      = unknown
/bin/machine           = unknown
/usr/bin/oslevel       = unknown
/bin/universe          = unknown

PATH: /home/loneather/.local/bin
PATH: /usr/local/sbin
PATH: /usr/local/bin
PATH: /usr/sbin
PATH: /usr/bin
PATH: /sbin
PATH: /bin
PATH: /usr/games
PATH: /usr/local/games
PATH: /snap/bin


## ----------- ##
## Core tests. ##
## ----------- ##

configure:2312: checking for a BSD-compatible install
configure:2380: result: /usr/bin/install -c
configure:2391: checking whether build environment is sane
configure:2446: result: yes
configure:2597: checking for a thread-safe mkdir -p
configure:2636: result: /bin/mkdir -p
configure:2643: checking for gawk
configure:2673: result: no
configure:2643: checking for mawk
configure:2659: found /usr/bin/mawk
configure:2670: result: mawk
configure:2681: checking whether make sets $(MAKE)
configure:2703: result: yes
configure:2732: checking whether make supports nested variables
configure:2749: result: yes
configure:2940: checking for style of include used by make
configure:2968: result: GNU
configure:3039: checking for gcc
configure:3055: found /usr/bin/gcc
configure:3066: result: gcc
configure:3295: checking for C compiler version
configure:3304: gcc --version >&5
gcc (Ubuntu 7.3.0-27ubuntu1~18.04) 7.3.0
Copyright (C) 2017 Free Software Foundation, Inc.
This is free software; see the source for copying conditions.  There is NO
warranty; not even for MERCHANTABILITY or FITNESS FOR A PARTICULAR PURPOSE.

configure:3315: $? = 0
configure:3304: gcc -v >&5
Using built-in specs.
COLLECT_GCC=gcc
COLLECT_LTO_WRAPPER=/usr/lib/gcc/x86_64-linux-gnu/7/lto-wrapper
OFFLOAD_TARGET_NAMES=nvptx-none
OFFLOAD_TARGET_DEFAULT=1
Target: x86_64-linux-gnu
Configured with: ../src/configure -v --with-pkgversion='Ubuntu 7.3.0-27ubuntu1~18.04' --with-bugurl=file:///usr/share/doc/gcc-7/README.Bugs --enable-languages=c,ada,c++,go,brig,d,fortran,objc,obj-c++ --prefix=/usr --with-gcc-major-version-only --program-suffix=-7 --program-prefix=x86_64-linux-gnu- --enable-shared --enable-linker-build-id --libexecdir=/usr/lib --without-included-gettext --enable-threads=posix --libdir=/usr/lib --enable-nls --with-sysroot=/ --enable-clocale=gnu --enable-libstdcxx-debug --enable-libstdcxx-time=yes --with-default-libstdcxx-abi=new --enable-gnu-unique-object --disable-vtable-verify --enable-libmpx --enable-plugin --enable-default-pie --with-system-zlib --with-target-system-zlib --enable-objc-gc=auto --enable-multiarch --disable-werror --with-arch-32=i686 --with-abi=m64 --with-multilib-list=m32,m64,mx32 --enable-multilib --with-tune=generic --enable-offload-targets=nvptx-none --without-cuda-driver --enable-checking=release --build=x86_64-linux-gnu --host=x86_64-linux-gnu --target=x86_64-linux-gnu
Thread model: posix
gcc version 7.3.0 (Ubuntu 7.3.0-27ubuntu1~18.04) 
configure:3315: $? = 0
configure:3304: gcc -V >&5
gcc: error: unrecognized command line option '-V'
gcc: fatal error: no input files
compilation terminated.
configure:3315: $? = 1
configure:3304: gcc -qversion >&5
gcc: error: unrecognized command line option '-qversion'; did you mean '--version'?
gcc: fatal error: no input files
compilation terminated.
configure:3315: $? = 1
configure:3335: checking whether the C compiler works
configure:3357: gcc    conftest.c  >&5
configure:3361: $? = 0
configure:3409: result: yes
configure:3412: checking for C compiler default output file name
configure:3414: result: a.out
configure:3420: checking for suffix of executables
configure:3427: gcc -o conftest    conftest.c  >&5
configure:3431: $? = 0
configure:3453: result: 
configure:3475: checking whether we are cross compiling
configure:3483: gcc -o conftest    conftest.c  >&5
configure:3487: $? = 0
configure:3494: ./conftest
configure:3498: $? = 0
configure:3513: result: no
configure:3518: checking for suffix of object files
configure:3540: gcc -c   conftest.c >&5
configure:3544: $? = 0
configure:3565: result: o
configure:3569: checking whether we are using the GNU C compiler
configure:3588: gcc -c   conftest.c >&5
configure:3588: $? = 0
configure:3597: result: yes
configure:3606: checking whether gcc accepts -g
configure:3626: gcc -c -g  conftest.c >&5
configure:3626: $? = 0
configure:3667: result: yes
configure:3684: checking for gcc option to accept ISO C89
configure:3747: gcc  -c -g -O2  conftest.c >&5
configure:3747: $? = 0
configure:3760: result: none needed
configure:3785: checking whether gcc understands -c and -o together
configure:3807: gcc -c conftest.c -o conftest2.o
configure:3810: $? = 0
configure:3807: gcc -c conftest.c -o conftest2.o
configure:3810: $? = 0
configure:3822: result: yes
configure:3841: checking dependency style of gcc
configure:3952: result: gcc3
configure:3973: checking how to run the C preprocessor
configure:4004: gcc -E  conftest.c
configure:4004: $? = 0
configure:4018: gcc -E  conftest.c
conftest.c:16:10: fatal error: ac_nonexistent.h: No such file or directory
 #include <ac_nonexistent.h>
          ^~~~~~~~~~~~~~~~~~
compilation terminated.
configure:4018: $? = 1
configure: failed program was:
| /* confdefs.h */
| #define PACKAGE_NAME "gpa"
| #define PACKAGE_TARNAME "gpa"
| #define PACKAGE_VERSION "0.10.0"
| #define PACKAGE_STRING "gpa 0.10.0"
| #define PACKAGE_BUGREPORT "https://bugs.gnupg.org"
| #define PACKAGE_URL ""
| #define PACKAGE "gpa"
| #define VERSION "0.10.0"
| #define PACKAGE "gpa"
| #define VERSION "0.10.0"
| #define PACKAGE_BUGREPORT "https://bugs.gnupg.org"
| #define BUILD_REVISION "bb097c7"
| #define BUILD_TIMESTAMP "2019-04-10T08:53+0000"
| /* end confdefs.h.  */
| #include <ac_nonexistent.h>
configure:4043: result: gcc -E
configure:4063: gcc -E  conftest.c
configure:4063: $? = 0
configure:4077: gcc -E  conftest.c
conftest.c:16:10: fatal error: ac_nonexistent.h: No such file or directory
 #include <ac_nonexistent.h>
          ^~~~~~~~~~~~~~~~~~
compilation terminated.
configure:4077: $? = 1
configure: failed program was:
| /* confdefs.h */
| #define PACKAGE_NAME "gpa"
| #define PACKAGE_TARNAME "gpa"
| #define PACKAGE_VERSION "0.10.0"
| #define PACKAGE_STRING "gpa 0.10.0"
| #define PACKAGE_BUGREPORT "https://bugs.gnupg.org"
| #define PACKAGE_URL ""
| #define PACKAGE "gpa"
| #define VERSION "0.10.0"
| #define PACKAGE "gpa"
| #define VERSION "0.10.0"
| #define PACKAGE_BUGREPORT "https://bugs.gnupg.org"
| #define BUILD_REVISION "bb097c7"
| #define BUILD_TIMESTAMP "2019-04-10T08:53+0000"
| /* end confdefs.h.  */
| #include <ac_nonexistent.h>
configure:4106: checking for grep that handles long lines and -e
configure:4164: result: /bin/grep
configure:4169: checking for egrep
configure:4231: result: /bin/grep -E
configure:4236: checking for ANSI C header files
configure:4256: gcc -c -g -O2  conftest.c >&5
configure:4256: $? = 0
configure:4329: gcc -o conftest -g -O2   conftest.c  >&5
configure:4329: $? = 0
configure:4329: ./conftest
configure:4329: $? = 0
configure:4340: result: yes
configure:4353: checking for sys/types.h
configure:4353: gcc -c -g -O2  conftest.c >&5
configure:4353: $? = 0
configure:4353: result: yes
configure:4353: checking for sys/stat.h
configure:4353: gcc -c -g -O2  conftest.c >&5
configure:4353: $? = 0
configure:4353: result: yes
configure:4353: checking for stdlib.h
configure:4353: gcc -c -g -O2  conftest.c >&5
configure:4353: $? = 0
configure:4353: result: yes
configure:4353: checking for string.h
configure:4353: gcc -c -g -O2  conftest.c >&5
configure:4353: $? = 0
configure:4353: result: yes
configure:4353: checking for memory.h
configure:4353: gcc -c -g -O2  conftest.c >&5
configure:4353: $? = 0
configure:4353: result: yes
configure:4353: checking for strings.h
configure:4353: gcc -c -g -O2  conftest.c >&5
configure:4353: $? = 0
configure:4353: result: yes
configure:4353: checking for inttypes.h
configure:4353: gcc -c -g -O2  conftest.c >&5
configure:4353: $? = 0
configure:4353: result: yes
configure:4353: checking for stdint.h
configure:4353: gcc -c -g -O2  conftest.c >&5
configure:4353: $? = 0
configure:4353: result: yes
configure:4353: checking for unistd.h
configure:4353: gcc -c -g -O2  conftest.c >&5
configure:4353: $? = 0
configure:4353: result: yes
configure:4366: checking minix/config.h usability
configure:4366: gcc -c -g -O2  conftest.c >&5
conftest.c:59:10: fatal error: minix/config.h: No such file or directory
 #include <minix/config.h>
          ^~~~~~~~~~~~~~~~
compilation terminated.
configure:4366: $? = 1
configure: failed program was:
| /* confdefs.h */
| #define PACKAGE_NAME "gpa"
| #define PACKAGE_TARNAME "gpa"
| #define PACKAGE_VERSION "0.10.0"
| #define PACKAGE_STRING "gpa 0.10.0"
| #define PACKAGE_BUGREPORT "https://bugs.gnupg.org"
| #define PACKAGE_URL ""
| #define PACKAGE "gpa"
| #define VERSION "0.10.0"
| #define PACKAGE "gpa"
| #define VERSION "0.10.0"
| #define PACKAGE_BUGREPORT "https://bugs.gnupg.org"
| #define BUILD_REVISION "bb097c7"
| #define BUILD_TIMESTAMP "2019-04-10T08:53+0000"
| #define STDC_HEADERS 1
| #define HAVE_SYS_TYPES_H 1
| #define HAVE_SYS_STAT_H 1
| #define HAVE_STDLIB_H 1
| #define HAVE_STRING_H 1
| #define HAVE_MEMORY_H 1
| #define HAVE_STRINGS_H 1
| #define HAVE_INTTYPES_H 1
| #define HAVE_STDINT_H 1
| #define HAVE_UNISTD_H 1
| /* end confdefs.h.  */
| #include <stdio.h>
| #ifdef HAVE_SYS_TYPES_H
| # include <sys/types.h>
| #endif
| #ifdef HAVE_SYS_STAT_H
| # include <sys/stat.h>
| #endif
| #ifdef STDC_HEADERS
| # include <stdlib.h>
| # include <stddef.h>
| #else
| # ifdef HAVE_STDLIB_H
| #  include <stdlib.h>
| # endif
| #endif
| #ifdef HAVE_STRING_H
| # if !defined STDC_HEADERS && defined HAVE_MEMORY_H
| #  include <memory.h>
| # endif
| # include <string.h>
| #endif
| #ifdef HAVE_STRINGS_H
| # include <strings.h>
| #endif
| #ifdef HAVE_INTTYPES_H
| # include <inttypes.h>
| #endif
| #ifdef HAVE_STDINT_H
| # include <stdint.h>
| #endif
| #ifdef HAVE_UNISTD_H
| # include <unistd.h>
| #endif
| #include <minix/config.h>
configure:4366: result: no
configure:4366: checking minix/config.h presence
configure:4366: gcc -E  conftest.c
conftest.c:26:10: fatal error: minix/config.h: No such file or directory
 #include <minix/config.h>
          ^~~~~~~~~~~~~~~~
compilation terminated.
configure:4366: $? = 1
configure: failed program was:
| /* confdefs.h */
| #define PACKAGE_NAME "gpa"
| #define PACKAGE_TARNAME "gpa"
| #define PACKAGE_VERSION "0.10.0"
| #define PACKAGE_STRING "gpa 0.10.0"
| #define PACKAGE_BUGREPORT "https://bugs.gnupg.org"
| #define PACKAGE_URL ""
| #define PACKAGE "gpa"
| #define VERSION "0.10.0"
| #define PACKAGE "gpa"
| #define VERSION "0.10.0"
| #define PACKAGE_BUGREPORT "https://bugs.gnupg.org"
| #define BUILD_REVISION "bb097c7"
| #define BUILD_TIMESTAMP "2019-04-10T08:53+0000"
| #define STDC_HEADERS 1
| #define HAVE_SYS_TYPES_H 1
| #define HAVE_SYS_STAT_H 1
| #define HAVE_STDLIB_H 1
| #define HAVE_STRING_H 1
| #define HAVE_MEMORY_H 1
| #define HAVE_STRINGS_H 1
| #define HAVE_INTTYPES_H 1
| #define HAVE_STDINT_H 1
| #define HAVE_UNISTD_H 1
| /* end confdefs.h.  */
| #include <minix/config.h>
configure:4366: result: no
configure:4366: checking for minix/config.h
configure:4366: result: no
configure:4387: checking whether it is safe to define __EXTENSIONS__
configure:4405: gcc -c -g -O2  conftest.c >&5
configure:4405: $? = 0
configure:4412: result: yes
configure:4432: checking whether to enable maintainer-specific portions of Makefiles
configure:4441: result: no
configure:4465: checking whether make supports nested variables
configure:4482: result: yes
configure:4494: checking for sin in -lm
configure:4519: gcc -o conftest -g -O2   conftest.c -lm   >&5
conftest.c:38:6: warning: conflicting types for built-in function 'sin' [-Wbuiltin-declaration-mismatch]
 char sin ();
      ^~~
configure:4519: $? = 0
configure:4528: result: yes
configure:4548: checking for compress in -lz
configure:4573: gcc -o conftest -g -O2   conftest.c -lz  -lm  >&5
configure:4573: $? = 0
configure:4582: result: yes
configure:4596: checking for strsep
configure:4596: gcc -o conftest -g -O2   conftest.c -lm  -lz >&5
configure:4596: $? = 0
configure:4596: result: yes
configure:4596: checking for stpcpy
configure:4596: gcc -o conftest -g -O2   conftest.c -lm  -lz >&5
conftest.c:56:6: warning: conflicting types for built-in function 'stpcpy' [-Wbuiltin-declaration-mismatch]
 char stpcpy ();
      ^~~~~~
configure:4596: $? = 0
configure:4596: result: yes
configure:4710: checking for gcc
configure:4737: result: gcc
configure:4966: checking for C compiler version
configure:4975: gcc --version >&5
gcc (Ubuntu 7.3.0-27ubuntu1~18.04) 7.3.0
Copyright (C) 2017 Free Software Foundation, Inc.
This is free software; see the source for copying conditions.  There is NO
warranty; not even for MERCHANTABILITY or FITNESS FOR A PARTICULAR PURPOSE.

configure:4986: $? = 0
configure:4975: gcc -v >&5
Using built-in specs.
COLLECT_GCC=gcc
COLLECT_LTO_WRAPPER=/usr/lib/gcc/x86_64-linux-gnu/7/lto-wrapper
OFFLOAD_TARGET_NAMES=nvptx-none
OFFLOAD_TARGET_DEFAULT=1
Target: x86_64-linux-gnu
Configured with: ../src/configure -v --with-pkgversion='Ubuntu 7.3.0-27ubuntu1~18.04' --with-bugurl=file:///usr/share/doc/gcc-7/README.Bugs --enable-languages=c,ada,c++,go,brig,d,fortran,objc,obj-c++ --prefix=/usr --with-gcc-major-version-only --program-suffix=-7 --program-prefix=x86_64-linux-gnu- --enable-shared --enable-linker-build-id --libexecdir=/usr/lib --without-included-gettext --enable-threads=posix --libdir=/usr/lib --enable-nls --with-sysroot=/ --enable-clocale=gnu --enable-libstdcxx-debug --enable-libstdcxx-time=yes --with-default-libstdcxx-abi=new --enable-gnu-unique-object --disable-vtable-verify --enable-libmpx --enable-plugin --enable-default-pie --with-system-zlib --with-target-system-zlib --enable-objc-gc=auto --enable-multiarch --disable-werror --with-arch-32=i686 --with-abi=m64 --with-multilib-list=m32,m64,mx32 --enable-multilib --with-tune=generic --enable-offload-targets=nvptx-none --without-cuda-driver --enable-checking=release --build=x86_64-linux-gnu --host=x86_64-linux-gnu --target=x86_64-linux-gnu
Thread model: posix
gcc version 7.3.0 (Ubuntu 7.3.0-27ubuntu1~18.04) 
configure:4986: $? = 0
configure:4975: gcc -V >&5
gcc: error: unrecognized command line option '-V'
gcc: fatal error: no input files
compilation terminated.
configure:4986: $? = 1
configure:4975: gcc -qversion >&5
gcc: error: unrecognized command line option '-qversion'; did you mean '--version'?
gcc: fatal error: no input files
compilation terminated.
configure:4986: $? = 1
configure:4990: checking whether we are using the GNU C compiler
configure:5018: result: yes
configure:5027: checking whether gcc accepts -g
configure:5088: result: yes
configure:5105: checking for gcc option to accept ISO C89
configure:5181: result: none needed
configure:5206: checking whether gcc understands -c and -o together
configure:5243: result: yes
configure:5262: checking dependency style of gcc
configure:5373: result: gcc3
configure:5388: checking for library containing strerror
configure:5419: gcc -o conftest -g -O2   conftest.c -lm  -lz >&5
configure:5419: $? = 0
configure:5436: result: none required
configure:5444: checking for ANSI C header files
configure:5548: result: yes
configure:5599: checking for ranlib
configure:5615: found /usr/bin/ranlib
configure:5626: result: ranlib
configure:5691: checking for windres
configure:5721: result: no
configure:5746: checking whether to build the card manager
configure:5753: result: yes
configure:5770: checking whether to include keyserver support
configure:5777: result: yes
configure:5802: checking for gpg2keys_ldap
configure:5836: result: no
configure:5802: checking for gpgkeys_ldap
configure:5836: result: no
configure:5871: checking whether NLS is requested
configure:5880: result: yes
configure:5921: checking for msgfmt
configure: trying /usr/bin/msgfmt...
0 translated messages.
configure:5953: result: /usr/bin/msgfmt
configure:5962: checking for gmsgfmt
configure:5993: result: /usr/bin/msgfmt
configure:6044: checking for xgettext
configure: trying /usr/bin/xgettext...
/usr/bin/xgettext: warning: file '/dev/null' extension '' is unknown; will try C
configure:6076: result: /usr/bin/xgettext
configure:6122: checking for msgmerge
configure: trying /usr/bin/msgmerge...
configure:6153: result: /usr/bin/msgmerge
configure:6191: checking build system type
configure:6205: result: x86_64-unknown-linux-gnu
configure:6225: checking host system type
configure:6238: result: x86_64-unknown-linux-gnu
configure:6282: checking for ld used by GCC
configure:6346: result: /usr/bin/ld
configure:6353: checking if the linker (/usr/bin/ld) is GNU ld
configure:6366: result: yes
configure:6373: checking for shared library run path origin
configure:6386: result: done
configure:6958: checking for CFPreferencesCopyAppValue
configure:6976: gcc -o conftest -g -O2   conftest.c -lm  -lz -Wl,-framework -Wl,CoreFoundation >&5
conftest.c:38:10: fatal error: CoreFoundation/CFPreferences.h: No such file or directory
 #include <CoreFoundation/CFPreferences.h>
          ^~~~~~~~~~~~~~~~~~~~~~~~~~~~~~~~
compilation terminated.
configure:6976: $? = 1
configure: failed program was:
| /* confdefs.h */
| #define PACKAGE_NAME "gpa"
| #define PACKAGE_TARNAME "gpa"
| #define PACKAGE_VERSION "0.10.0"
| #define PACKAGE_STRING "gpa 0.10.0"
| #define PACKAGE_BUGREPORT "https://bugs.gnupg.org"
| #define PACKAGE_URL ""
| #define PACKAGE "gpa"
| #define VERSION "0.10.0"
| #define PACKAGE "gpa"
| #define VERSION "0.10.0"
| #define PACKAGE_BUGREPORT "https://bugs.gnupg.org"
| #define BUILD_REVISION "bb097c7"
| #define BUILD_TIMESTAMP "2019-04-10T08:53+0000"
| #define STDC_HEADERS 1
| #define HAVE_SYS_TYPES_H 1
| #define HAVE_SYS_STAT_H 1
| #define HAVE_STDLIB_H 1
| #define HAVE_STRING_H 1
| #define HAVE_MEMORY_H 1
| #define HAVE_STRINGS_H 1
| #define HAVE_INTTYPES_H 1
| #define HAVE_STDINT_H 1
| #define HAVE_UNISTD_H 1
| #define __EXTENSIONS__ 1
| #define _ALL_SOURCE 1
| #define _GNU_SOURCE 1
| #define _POSIX_PTHREAD_SEMANTICS 1
| #define _TANDEM_SOURCE 1
| #define HAVE_LIBM 1
| #define HAVE_STRSEP 1
| #define HAVE_STPCPY 1
| #define STDC_HEADERS 1
| #define ENABLE_CARD_MANAGER 1
| #define ENABLE_KEYSERVER_SUPPORT 1
| #define KEYSERVER_HELPERS_DIR "${exec_prefix}/libexec/gnupg"
| /* end confdefs.h.  */
| #include <CoreFoundation/CFPreferences.h>
| int
| main ()
| {
| CFPreferencesCopyAppValue(NULL, NULL)
|   ;
|   return 0;
| }
configure:6985: result: no
configure:6992: checking for CFLocaleCopyCurrent
configure:7010: gcc -o conftest -g -O2   conftest.c -lm  -lz -Wl,-framework -Wl,CoreFoundation >&5
conftest.c:38:10: fatal error: CoreFoundation/CFLocale.h: No such file or directory
 #include <CoreFoundation/CFLocale.h>
          ^~~~~~~~~~~~~~~~~~~~~~~~~~~
compilation terminated.
configure:7010: $? = 1
configure: failed program was:
| /* confdefs.h */
| #define PACKAGE_NAME "gpa"
| #define PACKAGE_TARNAME "gpa"
| #define PACKAGE_VERSION "0.10.0"
| #define PACKAGE_STRING "gpa 0.10.0"
| #define PACKAGE_BUGREPORT "https://bugs.gnupg.org"
| #define PACKAGE_URL ""
| #define PACKAGE "gpa"
| #define VERSION "0.10.0"
| #define PACKAGE "gpa"
| #define VERSION "0.10.0"
| #define PACKAGE_BUGREPORT "https://bugs.gnupg.org"
| #define BUILD_REVISION "bb097c7"
| #define BUILD_TIMESTAMP "2019-04-10T08:53+0000"
| #define STDC_HEADERS 1
| #define HAVE_SYS_TYPES_H 1
| #define HAVE_SYS_STAT_H 1
| #define HAVE_STDLIB_H 1
| #define HAVE_STRING_H 1
| #define HAVE_MEMORY_H 1
| #define HAVE_STRINGS_H 1
| #define HAVE_INTTYPES_H 1
| #define HAVE_STDINT_H 1
| #define HAVE_UNISTD_H 1
| #define __EXTENSIONS__ 1
| #define _ALL_SOURCE 1
| #define _GNU_SOURCE 1
| #define _POSIX_PTHREAD_SEMANTICS 1
| #define _TANDEM_SOURCE 1
| #define HAVE_LIBM 1
| #define HAVE_STRSEP 1
| #define HAVE_STPCPY 1
| #define STDC_HEADERS 1
| #define ENABLE_CARD_MANAGER 1
| #define ENABLE_KEYSERVER_SUPPORT 1
| #define KEYSERVER_HELPERS_DIR "${exec_prefix}/libexec/gnupg"
| /* end confdefs.h.  */
| #include <CoreFoundation/CFLocale.h>
| int
| main ()
| {
| CFLocaleCopyCurrent();
|   ;
|   return 0;
| }
configure:7019: result: no
configure:7068: checking for GNU gettext in libc
configure:7088: gcc -o conftest -g -O2   conftest.c -lm  -lz >&5
configure:7088: $? = 0
configure:7097: result: yes
configure:7888: checking whether to use NLS
configure:7890: result: yes
configure:7893: checking where the gettext function comes from
configure:7904: result: libc
configure:8017: checking for pkg-config
configure:8035: found /usr/bin/pkg-config
configure:8047: result: /usr/bin/pkg-config
configure:8072: checking pkg-config is at least version 0.9.0
configure:8075: result: yes
configure:8158: checking for pkg-config
configure:8188: result: /usr/bin/pkg-config
configure:8213: checking pkg-config is at least version 0.7
configure:8216: result: yes
configure:8226: checking for GTK+ - version >= 2.10.0
configure:8336: gcc -o conftest -g -O2 -pthread -I/usr/include/gtk-2.0 -I/usr/lib/x86_64-linux-gnu/gtk-2.0/include -I/usr/include/gio-unix-2.0/ -I/usr/include/cairo -I/usr/include/pango-1.0 -I/usr/include/atk-1.0 -I/usr/include/cairo -I/usr/include/pixman-1 -I/usr/include/gdk-pixbuf-2.0 -I/usr/include/libpng16 -I/usr/include/pango-1.0 -I/usr/include/harfbuzz -I/usr/include/pango-1.0 -I/usr/include/glib-2.0 -I/usr/lib/x86_64-linux-gnu/glib-2.0/include -I/usr/include/freetype2 -I/usr/include/libpng16 -I/usr/include/freetype2 -I/usr/include/libpng16   conftest.c -lgtk-x11-2.0 -lgdk-x11-2.0 -lpangocairo-1.0 -latk-1.0 -lcairo -lgdk_pixbuf-2.0 -lgio-2.0 -lpangoft2-1.0 -lpango-1.0 -lgobject-2.0 -lglib-2.0 -lfontconfig -lfreetype -lm  -lz >&5
configure:8336: $? = 0
configure:8336: ./conftest
configure:8336: $? = 0
configure:8350: result: yes (version 2.24.32)
configure:8431: checking for gpg-error-config
configure:8462: result: no
configure:8471: checking for GPG Error - version >= 1.27
configure:8503: result: no
configure:8533: checking for libassuan-config
configure:8564: result: no
configure:8592: checking for LIBASSUAN - version >= 2.4.2
configure:8625: result: no
configure:8669: checking for special C compiler options needed for large files
configure:8714: result: no
configure:8720: checking for _FILE_OFFSET_BITS value needed for large files
configure:8745: gcc -c -g -O2  conftest.c >&5
configure:8745: $? = 0
configure:8777: result: no
configure:8879: checking for gpgme-config
configure:8910: result: no
configure:9007: checking for GPGME - version >= 1.9.0
configure:9054: result: no
configure:9069: checking for gpgme_data_identify
configure:9069: gcc -o conftest -g -O2    conftest.c -lm  -lz  >&5
/tmp/cclAva1z.o: In function `main':
/home/loneather/Programs/cpp_projects/SYSPRO2/gpa-0.10.0/conftest.c:76: undefined reference to `gpgme_data_identify'
collect2: error: ld returned 1 exit status
configure:9069: $? = 1
configure: failed program was:
| /* confdefs.h */
| #define PACKAGE_NAME "gpa"
| #define PACKAGE_TARNAME "gpa"
| #define PACKAGE_VERSION "0.10.0"
| #define PACKAGE_STRING "gpa 0.10.0"
| #define PACKAGE_BUGREPORT "https://bugs.gnupg.org"
| #define PACKAGE_URL ""
| #define PACKAGE "gpa"
| #define VERSION "0.10.0"
| #define PACKAGE "gpa"
| #define VERSION "0.10.0"
| #define PACKAGE_BUGREPORT "https://bugs.gnupg.org"
| #define BUILD_REVISION "bb097c7"
| #define BUILD_TIMESTAMP "2019-04-10T08:53+0000"
| #define STDC_HEADERS 1
| #define HAVE_SYS_TYPES_H 1
| #define HAVE_SYS_STAT_H 1
| #define HAVE_STDLIB_H 1
| #define HAVE_STRING_H 1
| #define HAVE_MEMORY_H 1
| #define HAVE_STRINGS_H 1
| #define HAVE_INTTYPES_H 1
| #define HAVE_STDINT_H 1
| #define HAVE_UNISTD_H 1
| #define __EXTENSIONS__ 1
| #define _ALL_SOURCE 1
| #define _GNU_SOURCE 1
| #define _POSIX_PTHREAD_SEMANTICS 1
| #define _TANDEM_SOURCE 1
| #define HAVE_LIBM 1
| #define HAVE_STRSEP 1
| #define HAVE_STPCPY 1
| #define STDC_HEADERS 1
| #define ENABLE_CARD_MANAGER 1
| #define ENABLE_KEYSERVER_SUPPORT 1
| #define KEYSERVER_HELPERS_DIR "${exec_prefix}/libexec/gnupg"
| #define ENABLE_NLS 1
| #define HAVE_GETTEXT 1
| #define HAVE_DCGETTEXT 1
| #define GPG_ERR_SOURCE_DEFAULT 12
| /* end confdefs.h.  */
| /* Define gpgme_data_identify to an innocuous variant, in case <limits.h> declares gpgme_data_identify.
|    For example, HP-UX 11i <limits.h> declares gettimeofday.  */
| #define gpgme_data_identify innocuous_gpgme_data_identify
| 
| /* System header to define __stub macros and hopefully few prototypes,
|     which can conflict with char gpgme_data_identify (); below.
|     Prefer <limits.h> to <assert.h> if __STDC__ is defined, since
|     <limits.h> exists even on freestanding compilers.  */
| 
| #ifdef __STDC__
| # include <limits.h>
| #else
| # include <assert.h>
| #endif
| 
| #undef gpgme_data_identify
| 
| /* Override any GCC internal prototype to avoid an error.
|    Use char because int might match the return type of a GCC
|    builtin and then its argument prototype would still apply.  */
| #ifdef __cplusplus
| extern "C"
| #endif
| char gpgme_data_identify ();
| /* The GNU C library defines this for functions which it implements
|     to always fail with ENOSYS.  Some functions are actually named
|     something starting with __ and the normal name is an alias.  */
| #if defined __stub_gpgme_data_identify || defined __stub___gpgme_data_identify
| choke me
| #endif
| 
| int
| main ()
| {
| return gpgme_data_identify ();
|   ;
|   return 0;
| }
configure:9069: result: no
configure:9087: checking for header files
configure:9091: checking locale.h usability
configure:9091: gcc -c -g -O2  conftest.c >&5
configure:9091: $? = 0
configure:9091: result: yes
configure:9091: checking locale.h presence
configure:9091: gcc -E  conftest.c
configure:9091: $? = 0
configure:9091: result: yes
configure:9091: checking for locale.h
configure:9091: result: yes
configure:9106: checking for byte typedef
configure:9127: gcc -c -g -O2  conftest.c >&5
conftest.c: In function 'main':
conftest.c:51:20: error: 'byte' undeclared (first use in this function); did you mean 'system'?
     int a = sizeof(byte);
                    ^~~~
                    system
conftest.c:51:20: note: each undeclared identifier is reported only once for each function it appears in
configure:9127: $? = 1
configure: failed program was:
| /* confdefs.h */
| #define PACKAGE_NAME "gpa"
| #define PACKAGE_TARNAME "gpa"
| #define PACKAGE_VERSION "0.10.0"
| #define PACKAGE_STRING "gpa 0.10.0"
| #define PACKAGE_BUGREPORT "https://bugs.gnupg.org"
| #define PACKAGE_URL ""
| #define PACKAGE "gpa"
| #define VERSION "0.10.0"
| #define PACKAGE "gpa"
| #define VERSION "0.10.0"
| #define PACKAGE_BUGREPORT "https://bugs.gnupg.org"
| #define BUILD_REVISION "bb097c7"
| #define BUILD_TIMESTAMP "2019-04-10T08:53+0000"
| #define STDC_HEADERS 1
| #define HAVE_SYS_TYPES_H 1
| #define HAVE_SYS_STAT_H 1
| #define HAVE_STDLIB_H 1
| #define HAVE_STRING_H 1
| #define HAVE_MEMORY_H 1
| #define HAVE_STRINGS_H 1
| #define HAVE_INTTYPES_H 1
| #define HAVE_STDINT_H 1
| #define HAVE_UNISTD_H 1
| #define __EXTENSIONS__ 1
| #define _ALL_SOURCE 1
| #define _GNU_SOURCE 1
| #define _POSIX_PTHREAD_SEMANTICS 1
| #define _TANDEM_SOURCE 1
| #define HAVE_LIBM 1
| #define HAVE_STRSEP 1
| #define HAVE_STPCPY 1
| #define STDC_HEADERS 1
| #define ENABLE_CARD_MANAGER 1
| #define ENABLE_KEYSERVER_SUPPORT 1
| #define KEYSERVER_HELPERS_DIR "${exec_prefix}/libexec/gnupg"
| #define ENABLE_NLS 1
| #define HAVE_GETTEXT 1
| #define HAVE_DCGETTEXT 1
| #define GPG_ERR_SOURCE_DEFAULT 12
| #define HAVE_LOCALE_H 1
| /* end confdefs.h.  */
| #define _GNU_SOURCE 1
|     #include <stdlib.h>
|     #include <sys/types.h>
| int
| main ()
| {
| 
|     #undef byte
|     int a = sizeof(byte);
| 
|   ;
|   return 0;
| }
configure:9135: result: no
configure:9143: checking for ushort typedef
configure:9164: gcc -c -g -O2  conftest.c >&5
configure:9164: $? = 0
configure:9172: result: yes
configure:9180: checking for ulong typedef
configure:9201: gcc -c -g -O2  conftest.c >&5
configure:9201: $? = 0
configure:9209: result: yes
configure:9217: checking for u16 typedef
configure:9238: gcc -c -g -O2  conftest.c >&5
conftest.c: In function 'main':
conftest.c:53:20: error: 'u16' undeclared (first use in this function)
     int a = sizeof(u16);
                    ^~~
conftest.c:53:20: note: each undeclared identifier is reported only once for each function it appears in
configure:9238: $? = 1
configure: failed program was:
| /* confdefs.h */
| #define PACKAGE_NAME "gpa"
| #define PACKAGE_TARNAME "gpa"
| #define PACKAGE_VERSION "0.10.0"
| #define PACKAGE_STRING "gpa 0.10.0"
| #define PACKAGE_BUGREPORT "https://bugs.gnupg.org"
| #define PACKAGE_URL ""
| #define PACKAGE "gpa"
| #define VERSION "0.10.0"
| #define PACKAGE "gpa"
| #define VERSION "0.10.0"
| #define PACKAGE_BUGREPORT "https://bugs.gnupg.org"
| #define BUILD_REVISION "bb097c7"
| #define BUILD_TIMESTAMP "2019-04-10T08:53+0000"
| #define STDC_HEADERS 1
| #define HAVE_SYS_TYPES_H 1
| #define HAVE_SYS_STAT_H 1
| #define HAVE_STDLIB_H 1
| #define HAVE_STRING_H 1
| #define HAVE_MEMORY_H 1
| #define HAVE_STRINGS_H 1
| #define HAVE_INTTYPES_H 1
| #define HAVE_STDINT_H 1
| #define HAVE_UNISTD_H 1
| #define __EXTENSIONS__ 1
| #define _ALL_SOURCE 1
| #define _GNU_SOURCE 1
| #define _POSIX_PTHREAD_SEMANTICS 1
| #define _TANDEM_SOURCE 1
| #define HAVE_LIBM 1
| #define HAVE_STRSEP 1
| #define HAVE_STPCPY 1
| #define STDC_HEADERS 1
| #define ENABLE_CARD_MANAGER 1
| #define ENABLE_KEYSERVER_SUPPORT 1
| #define KEYSERVER_HELPERS_DIR "${exec_prefix}/libexec/gnupg"
| #define ENABLE_NLS 1
| #define HAVE_GETTEXT 1
| #define HAVE_DCGETTEXT 1
| #define GPG_ERR_SOURCE_DEFAULT 12
| #define HAVE_LOCALE_H 1
| #define HAVE_USHORT_TYPEDEF 1
| #define HAVE_ULONG_TYPEDEF 1
| /* end confdefs.h.  */
| #define _GNU_SOURCE 1
|     #include <stdlib.h>
|     #include <sys/types.h>
| int
| main ()
| {
| 
|     #undef u16
|     int a = sizeof(u16);
| 
|   ;
|   return 0;
| }
configure:9246: result: no
configure:9254: checking for u32 typedef
configure:9275: gcc -c -g -O2  conftest.c >&5
conftest.c: In function 'main':
conftest.c:53:20: error: 'u32' undeclared (first use in this function)
     int a = sizeof(u32);
                    ^~~
conftest.c:53:20: note: each undeclared identifier is reported only once for each function it appears in
configure:9275: $? = 1
configure: failed program was:
| /* confdefs.h */
| #define PACKAGE_NAME "gpa"
| #define PACKAGE_TARNAME "gpa"
| #define PACKAGE_VERSION "0.10.0"
| #define PACKAGE_STRING "gpa 0.10.0"
| #define PACKAGE_BUGREPORT "https://bugs.gnupg.org"
| #define PACKAGE_URL ""
| #define PACKAGE "gpa"
| #define VERSION "0.10.0"
| #define PACKAGE "gpa"
| #define VERSION "0.10.0"
| #define PACKAGE_BUGREPORT "https://bugs.gnupg.org"
| #define BUILD_REVISION "bb097c7"
| #define BUILD_TIMESTAMP "2019-04-10T08:53+0000"
| #define STDC_HEADERS 1
| #define HAVE_SYS_TYPES_H 1
| #define HAVE_SYS_STAT_H 1
| #define HAVE_STDLIB_H 1
| #define HAVE_STRING_H 1
| #define HAVE_MEMORY_H 1
| #define HAVE_STRINGS_H 1
| #define HAVE_INTTYPES_H 1
| #define HAVE_STDINT_H 1
| #define HAVE_UNISTD_H 1
| #define __EXTENSIONS__ 1
| #define _ALL_SOURCE 1
| #define _GNU_SOURCE 1
| #define _POSIX_PTHREAD_SEMANTICS 1
| #define _TANDEM_SOURCE 1
| #define HAVE_LIBM 1
| #define HAVE_STRSEP 1
| #define HAVE_STPCPY 1
| #define STDC_HEADERS 1
| #define ENABLE_CARD_MANAGER 1
| #define ENABLE_KEYSERVER_SUPPORT 1
| #define KEYSERVER_HELPERS_DIR "${exec_prefix}/libexec/gnupg"
| #define ENABLE_NLS 1
| #define HAVE_GETTEXT 1
| #define HAVE_DCGETTEXT 1
| #define GPG_ERR_SOURCE_DEFAULT 12
| #define HAVE_LOCALE_H 1
| #define HAVE_USHORT_TYPEDEF 1
| #define HAVE_ULONG_TYPEDEF 1
| /* end confdefs.h.  */
| #define _GNU_SOURCE 1
|     #include <stdlib.h>
|     #include <sys/types.h>
| int
| main ()
| {
| 
|     #undef u32
|     int a = sizeof(u32);
| 
|   ;
|   return 0;
| }
configure:9283: result: no
configure:9301: checking for inotify_init
configure:9301: gcc -o conftest -g -O2   conftest.c -lm  -lz >&5
configure:9301: $? = 0
configure:9301: result: yes
configure:9317: checking for cc features
configure:9418: checking if gcc supports -Wno-pointer-sign
configure:9433: gcc -c -Wno-pointer-sign  conftest.c >&5
configure:9433: $? = 0
configure:9439: result: yes
configure:9446: checking if gcc supports -Wno-unused-parameter
configure:9461: gcc -c -Wno-unused-parameter  conftest.c >&5
configure:9461: $? = 0
configure:9467: result: yes
configure:9508:
***
*** You need libgpg-error to build this program.
**  This library is for example available at
***   ftp://ftp.gnupg.org/gcrypt/libgpg-error
*** (at least version 1.27 is required.)
***
configure:9525:
***
*** You need gpgme to build this program.
**  This library is for example available at
***   ftp://ftp.gnupg.org/gcrypt/gpgme/
*** (at least version 1.9.0 is required.)
***
configure:9542:
***
*** You need libassuan to build this program.
*** This library is for example available at
***   ftp://ftp.gnupg.org/gcrypt/libassuan/
*** (at least version 2.4.2 is required).
***
configure:9552: error: 
***
*** Required libraries not found. Please consult the above messages
*** and install them before running configure again.
***

## ---------------- ##
## Cache variables. ##
## ---------------- ##

ac_cv_build=x86_64-unknown-linux-gnu
ac_cv_c_compiler_gnu=yes
ac_cv_env_CC_set=
ac_cv_env_CC_value=
ac_cv_env_CFLAGS_set=
ac_cv_env_CFLAGS_value=
ac_cv_env_CPPFLAGS_set=
ac_cv_env_CPPFLAGS_value=
ac_cv_env_CPP_set=
ac_cv_env_CPP_value=
ac_cv_env_LDFLAGS_set=
ac_cv_env_LDFLAGS_value=
ac_cv_env_LIBS_set=
ac_cv_env_LIBS_value=
ac_cv_env_PKG_CONFIG_LIBDIR_set=
ac_cv_env_PKG_CONFIG_LIBDIR_value=
ac_cv_env_PKG_CONFIG_PATH_set=
ac_cv_env_PKG_CONFIG_PATH_value=
ac_cv_env_PKG_CONFIG_set=
ac_cv_env_PKG_CONFIG_value=
ac_cv_env_build_alias_set=
ac_cv_env_build_alias_value=
ac_cv_env_host_alias_set=
ac_cv_env_host_alias_value=
ac_cv_env_target_alias_set=
ac_cv_env_target_alias_value=
ac_cv_func_gpgme_data_identify=no
ac_cv_func_inotify_init=yes
ac_cv_func_stpcpy=yes
ac_cv_func_strsep=yes
ac_cv_header_inttypes_h=yes
ac_cv_header_locale_h=yes
ac_cv_header_memory_h=yes
ac_cv_header_minix_config_h=no
ac_cv_header_stdc=yes
ac_cv_header_stdint_h=yes
ac_cv_header_stdlib_h=yes
ac_cv_header_string_h=yes
ac_cv_header_strings_h=yes
ac_cv_header_sys_stat_h=yes
ac_cv_header_sys_types_h=yes
ac_cv_header_unistd_h=yes
ac_cv_host=x86_64-unknown-linux-gnu
ac_cv_lib_m_sin=yes
ac_cv_lib_z_compress=yes
ac_cv_objext=o
ac_cv_path_EGREP='/bin/grep -E'
ac_cv_path_GMSGFMT=/usr/bin/msgfmt
ac_cv_path_GPGME_CONFIG=no
ac_cv_path_GPG_ERROR_CONFIG=no
ac_cv_path_GREP=/bin/grep
ac_cv_path_LIBASSUAN_CONFIG=no
ac_cv_path_MSGFMT=/usr/bin/msgfmt
ac_cv_path_MSGMERGE=/usr/bin/msgmerge
ac_cv_path_XGETTEXT=/usr/bin/xgettext
ac_cv_path_ac_pt_PKG_CONFIG=/usr/bin/pkg-config
ac_cv_path_install='/usr/bin/install -c'
ac_cv_path_mkdir=/bin/mkdir
ac_cv_prog_AWK=mawk
ac_cv_prog_CPP='gcc -E'
ac_cv_prog_ac_ct_CC=gcc
ac_cv_prog_ac_ct_RANLIB=ranlib
ac_cv_prog_cc_c89=
ac_cv_prog_cc_g=yes
ac_cv_prog_make_make_set=yes
ac_cv_safe_to_define___extensions__=yes
ac_cv_search_strerror='none required'
ac_cv_sys_file_offset_bits=no
ac_cv_sys_largefile_CC=no
acl_cv_hardcode_direct=no
acl_cv_hardcode_libdir_flag_spec='${wl}-rpath ${wl}$libdir'
acl_cv_hardcode_libdir_separator=
acl_cv_hardcode_minus_L=no
acl_cv_libext=a
acl_cv_libname_spec='lib$name'
acl_cv_library_names_spec='$libname$shrext'
acl_cv_path_LD=/usr/bin/ld
acl_cv_prog_gnu_ld=yes
acl_cv_rpath=done
acl_cv_shlibext=so
acl_cv_wl=-Wl,
am_cv_CC_dependencies_compiler_type=gcc3
am_cv_make_support_nested_variables=yes
am_cv_prog_cc_c_o=yes
gnupg_cv_typedef_byte=no
gnupg_cv_typedef_u16=no
gnupg_cv_typedef_u32=no
gnupg_cv_typedef_ulong=yes
gnupg_cv_typedef_ushort=yes
gt_cv_func_CFLocaleCopyCurrent=no
gt_cv_func_CFPreferencesCopyAppValue=no
gt_cv_func_gnugettext2_libc=yes

## ----------------- ##
## Output variables. ##
## ----------------- ##

ACLOCAL='${SHELL} /home/loneather/Programs/cpp_projects/SYSPRO2/gpa-0.10.0/build-aux/missing aclocal-1.14'
AMDEPBACKSLASH='\'
AMDEP_FALSE='#'
AMDEP_TRUE=''
AMTAR='$${TAR-tar}'
AM_BACKSLASH='\'
AM_DEFAULT_V='$(AM_DEFAULT_VERBOSITY)'
AM_DEFAULT_VERBOSITY='1'
AM_V='$(V)'
AUTOCONF='${SHELL} /home/loneather/Programs/cpp_projects/SYSPRO2/gpa-0.10.0/build-aux/missing autoconf'
AUTOHEADER='${SHELL} /home/loneather/Programs/cpp_projects/SYSPRO2/gpa-0.10.0/build-aux/missing autoheader'
AUTOMAKE='${SHELL} /home/loneather/Programs/cpp_projects/SYSPRO2/gpa-0.10.0/build-aux/missing automake-1.14'
AWK='mawk'
BUILD_FILEVERSION='0,10,0,47881'
BUILD_REVISION='bb097c7'
BUILD_TIMESTAMP='2019-04-10T08:53+0000'
CC='gcc'
CCDEPMODE='depmode=gcc3'
CFLAGS='-g -O2 -Wall -Wno-pointer-sign -Wno-unused-parameter'
CPP='gcc -E'
CPPFLAGS=''
CYGPATH_W='echo'
DEFS=''
DEPDIR='.deps'
ECHO_C=''
ECHO_N='-n'
ECHO_T=''
EGREP='/bin/grep -E'
ENABLE_CARD_MANAGER_FALSE='#'
ENABLE_CARD_MANAGER_TRUE=''
ENABLE_KEYSERVER_SUPPORT_FALSE='#'
ENABLE_KEYSERVER_SUPPORT_TRUE=''
EXEEXT=''
GETTEXT_MACRO_VERSION='0.18'
GMSGFMT='/usr/bin/msgfmt'
GMSGFMT_015='/usr/bin/msgfmt'
GPGKEYS_LDAP='${exec_prefix}/libexec/gnupg/gpg2keys_ldap'
GPGME_CFLAGS=''
GPGME_CONFIG='no'
GPGME_GLIB_CFLAGS=''
GPGME_GLIB_LIBS=''
GPGME_LIBS=''
GPG_ERROR_CFLAGS=''
GPG_ERROR_CONFIG='no'
GPG_ERROR_LIBS=''
GREP='/bin/grep'
GTK_CFLAGS='-pthread -I/usr/include/gtk-2.0 -I/usr/lib/x86_64-linux-gnu/gtk-2.0/include -I/usr/include/gio-unix-2.0/ -I/usr/include/cairo -I/usr/include/pango-1.0 -I/usr/include/atk-1.0 -I/usr/include/cairo -I/usr/include/pixman-1 -I/usr/include/gdk-pixbuf-2.0 -I/usr/include/libpng16 -I/usr/include/pango-1.0 -I/usr/include/harfbuzz -I/usr/include/pango-1.0 -I/usr/include/glib-2.0 -I/usr/lib/x86_64-linux-gnu/glib-2.0/include -I/usr/include/freetype2 -I/usr/include/libpng16 -I/usr/include/freetype2 -I/usr/include/libpng16'
GTK_LIBS='-lgtk-x11-2.0 -lgdk-x11-2.0 -lpangocairo-1.0 -latk-1.0 -lcairo -lgdk_pixbuf-2.0 -lgio-2.0 -lpangoft2-1.0 -lpango-1.0 -lgobject-2.0 -lglib-2.0 -lfontconfig -lfreetype'
HAVE_W32_SYSTEM_FALSE=''
HAVE_W32_SYSTEM_TRUE='#'
INSTALL_DATA='${INSTALL} -m 644'
INSTALL_PROGRAM='${INSTALL}'
INSTALL_SCRIPT='${INSTALL}'
INSTALL_STRIP_PROGRAM='$(install_sh) -c -s'
INTLLIBS=''
INTL_MACOSX_LIBS=''
LDFLAGS=''
LIBASSUAN_CFLAGS=''
LIBASSUAN_CONFIG='no'
LIBASSUAN_LIBS=''
LIBICONV='-liconv'
LIBINTL=''
LIBOBJS=''
LIBS='-lm  -lz'
LIBZ=''
LTLIBICONV='-liconv'
LTLIBINTL=''
LTLIBOBJS=''
MAINT='#'
MAINTAINER_MODE_FALSE=''
MAINTAINER_MODE_TRUE='#'
MAKEINFO='${SHELL} /home/loneather/Programs/cpp_projects/SYSPRO2/gpa-0.10.0/build-aux/missing makeinfo'
MKDIR_P='/bin/mkdir -p'
MSGFMT='/usr/bin/msgfmt'
MSGFMT_015='/usr/bin/msgfmt'
MSGMERGE='/usr/bin/msgmerge'
NETLIBS=''
OBJEXT='o'
PACKAGE='gpa'
PACKAGE_BUGREPORT='https://bugs.gnupg.org'
PACKAGE_NAME='gpa'
PACKAGE_STRING='gpa 0.10.0'
PACKAGE_TARNAME='gpa'
PACKAGE_URL=''
PACKAGE_VERSION='0.10.0'
PATH_SEPARATOR=':'
PKG_CONFIG='/usr/bin/pkg-config'
PKG_CONFIG_LIBDIR=''
PKG_CONFIG_PATH=''
POSUB='po'
RANLIB='ranlib'
SET_MAKE=''
SHELL='/bin/bash'
STRIP=''
USE_NLS='yes'
VERSION='0.10.0'
WINDRES=':'
XGETTEXT='/usr/bin/xgettext'
XGETTEXT_015='/usr/bin/xgettext'
XGETTEXT_EXTRA_OPTIONS=''
ac_ct_CC='gcc'
am__EXEEXT_FALSE=''
am__EXEEXT_TRUE=''
am__fastdepCC_FALSE='#'
am__fastdepCC_TRUE=''
am__include='include'
am__isrc=''
am__leading_dot='.'
am__nodep='_no'
am__quote=''
am__tar='$${TAR-tar} chof - "$$tardir"'
am__untar='$${TAR-tar} xf -'
bindir='${exec_prefix}/bin'
build='x86_64-unknown-linux-gnu'
build_alias=''
build_cpu='x86_64'
build_os='linux-gnu'
build_vendor='unknown'
datadir='${datarootdir}'
datarootdir='${prefix}/share'
docdir='${datarootdir}/doc/${PACKAGE_TARNAME}'
dvidir='${docdir}'
exec_prefix='NONE'
host='x86_64-unknown-linux-gnu'
host_alias=''
host_cpu='x86_64'
host_os='linux-gnu'
host_vendor='unknown'
htmldir='${docdir}'
includedir='${prefix}/include'
infodir='${datarootdir}/info'
install_sh='${SHELL} /home/loneather/Programs/cpp_projects/SYSPRO2/gpa-0.10.0/build-aux/install-sh'
libdir='${exec_prefix}/lib'
libexecdir='${exec_prefix}/libexec'
localedir='${datarootdir}/locale'
localstatedir='${prefix}/var'
mandir='${datarootdir}/man'
mkdir_p='$(MKDIR_P)'
oldincludedir='/usr/include'
pdfdir='${docdir}'
prefix='NONE'
program_transform_name='s,x,x,'
psdir='${docdir}'
sbindir='${exec_prefix}/sbin'
sharedstatedir='${prefix}/com'
sysconfdir='${prefix}/etc'
target_alias=''

## ----------- ##
## confdefs.h. ##
## ----------- ##

/* confdefs.h */
#define PACKAGE_NAME "gpa"
#define PACKAGE_TARNAME "gpa"
#define PACKAGE_VERSION "0.10.0"
#define PACKAGE_STRING "gpa 0.10.0"
#define PACKAGE_BUGREPORT "https://bugs.gnupg.org"
#define PACKAGE_URL ""
#define PACKAGE "gpa"
#define VERSION "0.10.0"
#define PACKAGE "gpa"
#define VERSION "0.10.0"
#define PACKAGE_BUGREPORT "https://bugs.gnupg.org"
#define BUILD_REVISION "bb097c7"
#define BUILD_TIMESTAMP "2019-04-10T08:53+0000"
#define STDC_HEADERS 1
#define HAVE_SYS_TYPES_H 1
#define HAVE_SYS_STAT_H 1
#define HAVE_STDLIB_H 1
#define HAVE_STRING_H 1
#define HAVE_MEMORY_H 1
#define HAVE_STRINGS_H 1
#define HAVE_INTTYPES_H 1
#define HAVE_STDINT_H 1
#define HAVE_UNISTD_H 1
#define __EXTENSIONS__ 1
#define _ALL_SOURCE 1
#define _GNU_SOURCE 1
#define _POSIX_PTHREAD_SEMANTICS 1
#define _TANDEM_SOURCE 1
#define HAVE_LIBM 1
#define HAVE_STRSEP 1
#define HAVE_STPCPY 1
#define STDC_HEADERS 1
#define ENABLE_CARD_MANAGER 1
#define ENABLE_KEYSERVER_SUPPORT 1
#define KEYSERVER_HELPERS_DIR "${exec_prefix}/libexec/gnupg"
#define ENABLE_NLS 1
#define HAVE_GETTEXT 1
#define HAVE_DCGETTEXT 1
#define GPG_ERR_SOURCE_DEFAULT 12
#define HAVE_LOCALE_H 1
#define HAVE_USHORT_TYPEDEF 1
#define HAVE_ULONG_TYPEDEF 1
#define HAVE_INOTIFY_INIT 1
#define GPA_NAME "GPA"
#define GPA_LONG_NAME "GNU Privacy Assistant"

configure: exit 1
